WARNING 2019-01-15 18:52:40,332 log 228 Not Found: /blog/
WARNING 2019-01-15 18:52:40,333 basehttp 124 "GET /blog/ HTTP/1.1" 404 2492
INFO 2019-01-15 18:52:47,356 basehttp 124 "GET /news/ HTTP/1.1" 200 10999
INFO 2019-01-15 19:02:25,768 basehttp 124 "GET /account/login/ HTTP/1.1" 200 3938
INFO 2019-01-15 19:02:25,787 basehttp 124 "GET /static/js/account/auth.js HTTP/1.1" 304 0
INFO 2019-01-15 19:02:36,599 basehttp 124 "POST /account/login/ HTTP/1.1" 200 70
INFO 2019-01-15 19:02:45,040 basehttp 124 "POST /account/login/ HTTP/1.1" 200 61
WARNING 2019-01-15 19:02:47,562 log 228 Not Found: /
WARNING 2019-01-15 19:02:47,564 basehttp 124 "GET / HTTP/1.1" 404 2459
WARNING 2019-01-15 19:03:16,965 log 228 Not Found: /
WARNING 2019-01-15 19:03:16,966 basehttp 124 "GET / HTTP/1.1" 404 2459
INFO 2019-01-15 19:03:27,238 basehttp 124 "GET /news/ HTTP/1.1" 200 10999
INFO 2019-01-15 19:03:30,845 basehttp 124 "GET /account/login/ HTTP/1.1" 200 3938
INFO 2019-01-15 19:03:32,087 basehttp 124 "POST /account/login/ HTTP/1.1" 200 70
INFO 2019-01-15 19:03:46,532 basehttp 124 "POST /account/login/ HTTP/1.1" 200 61
WARNING 2019-01-15 19:03:49,065 log 228 Not Found: /
WARNING 2019-01-15 19:03:49,068 basehttp 124 "GET / HTTP/1.1" 404 2459
WARNING 2019-01-15 19:04:12,530 log 228 Not Found: /
WARNING 2019-01-15 19:04:12,532 basehttp 124 "GET / HTTP/1.1" 404 2459
INFO 2019-01-15 19:04:15,080 basehttp 124 "GET /account/login/ HTTP/1.1" 200 3938
INFO 2019-01-15 19:04:43,734 basehttp 124 "POST /account/login/ HTTP/1.1" 200 70
INFO 2019-01-15 19:04:50,537 basehttp 124 "POST /account/login/ HTTP/1.1" 200 61
WARNING 2019-01-15 19:04:53,070 log 228 Not Found: /
WARNING 2019-01-15 19:04:53,072 basehttp 124 "GET / HTTP/1.1" 404 2459
INFO 2019-01-15 19:04:56,616 basehttp 124 "GET /account/login/ HTTP/1.1" 200 3938
WARNING 2019-01-15 19:10:00,146 log 228 Not Found: /blog/
WARNING 2019-01-15 19:10:00,147 basehttp 124 "GET /blog/ HTTP/1.1" 404 2507
INFO 2019-01-15 19:10:04,473 basehttp 124 "GET / HTTP/1.1" 200 10989
INFO 2019-01-15 19:10:07,226 basehttp 124 "GET /account/login/ HTTP/1.1" 200 3928
INFO 2019-01-15 19:10:18,330 basehttp 124 "POST /account/login/ HTTP/1.1" 200 61
INFO 2019-01-15 19:10:20,864 basehttp 124 "GET / HTTP/1.1" 200 10989
INFO 2019-01-15 19:11:08,351 basehttp 124 "GET /news/ HTTP/1.1" 200 10999
INFO 2019-01-15 19:12:03,393 basehttp 124 "GET /news/ HTTP/1.1" 200 10999
INFO 2019-01-15 19:12:04,528 basehttp 124 "GET /account/login/ HTTP/1.1" 200 3938
INFO 2019-01-15 19:12:06,467 basehttp 124 "POST /account/login/ HTTP/1.1" 200 61
WARNING 2019-01-15 19:12:08,990 log 228 Not Found: /
WARNING 2019-01-15 19:12:08,992 basehttp 124 "GET / HTTP/1.1" 404 2355
INFO 2019-01-15 19:12:14,098 basehttp 124 "GET /account/login/ HTTP/1.1" 200 3938
INFO 2019-01-15 19:17:06,363 basehttp 124 "GET /account/login/ HTTP/1.1" 200 3938
INFO 2019-01-15 19:17:07,677 basehttp 124 "POST /account/login/ HTTP/1.1" 200 61
WARNING 2019-01-15 19:17:10,203 log 228 Not Found: /
WARNING 2019-01-15 19:17:10,206 basehttp 124 "GET / HTTP/1.1" 404 2355
WARNING 2019-01-15 19:17:40,943 log 228 Not Found: /
WARNING 2019-01-15 19:17:40,944 basehttp 124 "GET / HTTP/1.1" 404 2355
INFO 2019-01-15 19:17:44,857 basehttp 124 "GET / HTTP/1.1" 200 10989
INFO 2019-01-15 19:17:47,342 basehttp 124 "GET /account/login/ HTTP/1.1" 200 3928
INFO 2019-01-15 19:17:48,527 basehttp 124 "POST /account/login/ HTTP/1.1" 200 61
INFO 2019-01-15 19:17:51,056 basehttp 124 "GET / HTTP/1.1" 200 10989
INFO 2019-01-15 19:24:54,603 basehttp 124 "GET / HTTP/1.1" 200 10917
INFO 2019-01-15 19:25:11,094 basehttp 124 "GET /course/ HTTP/1.1" 200 6098
INFO 2019-01-15 19:25:12,866 basehttp 124 "GET / HTTP/1.1" 200 10917
INFO 2019-01-15 19:26:46,527 basehttp 124 "GET / HTTP/1.1" 200 10895
INFO 2019-01-15 19:27:06,243 basehttp 124 "GET / HTTP/1.1" 200 10796
INFO 2019-01-15 19:27:08,781 basehttp 124 "GET /account/login/ HTTP/1.1" 200 3735
INFO 2019-01-15 19:27:10,144 basehttp 124 "POST /account/login/ HTTP/1.1" 200 61
INFO 2019-01-15 19:27:12,709 basehttp 124 "GET / HTTP/1.1" 200 10895
INFO 2019-01-15 19:39:47,652 basehttp 124 "GET / HTTP/1.1" 200 10949
INFO 2019-01-15 19:39:51,054 basehttp 124 "GET /course/ HTTP/1.1" 200 6130
INFO 2019-01-15 19:39:53,273 basehttp 124 "GET /doc/ HTTP/1.1" 200 7410
INFO 2019-01-15 19:39:53,286 basehttp 124 "GET /static/css/doc/docDownload.css HTTP/1.1" 200 2081
INFO 2019-01-15 19:39:54,126 basehttp 124 "GET /search/ HTTP/1.1" 200 10531
INFO 2019-01-15 19:39:54,137 basehttp 124 "GET /static/css/news/search.css HTTP/1.1" 200 2803
INFO 2019-01-15 19:39:55,014 basehttp 124 "GET /doc/ HTTP/1.1" 200 7410
INFO 2019-01-15 19:39:55,792 basehttp 124 "GET /course/ HTTP/1.1" 200 6130
INFO 2019-01-15 19:39:56,210 basehttp 124 "GET / HTTP/1.1" 200 10949
